{"ip":"::1","level":"info","message":"GET /api/records","timestamp":"2025-02-19T05:24:31.433Z","userAgent":"Mozilla/5.0 (Windows NT 10.0; Win64; x64) AppleWebKit/537.36 (KHTML, like Gecko) Chrome/132.0.6834.194 Electron/34.1.1 Safari/537.36"}
{"ip":"::1","level":"info","message":"GET /api/records","timestamp":"2025-02-19T05:24:31.607Z","userAgent":"Mozilla/5.0 (Windows NT 10.0; Win64; x64) AppleWebKit/537.36 (KHTML, like Gecko) Chrome/132.0.6834.194 Electron/34.1.1 Safari/537.36"}
{"ip":"::1","level":"info","message":"GET /api/records/1/documents","timestamp":"2025-02-19T05:24:46.421Z","userAgent":"Mozilla/5.0 (Windows NT 10.0; Win64; x64) AppleWebKit/537.36 (KHTML, like Gecko) Chrome/132.0.6834.194 Electron/34.1.1 Safari/537.36"}
{"ip":"::1","level":"info","message":"GET /api/records/1","timestamp":"2025-02-19T05:24:46.423Z","userAgent":"Mozilla/5.0 (Windows NT 10.0; Win64; x64) AppleWebKit/537.36 (KHTML, like Gecko) Chrome/132.0.6834.194 Electron/34.1.1 Safari/537.36"}
{"ip":"::1","level":"info","message":"GET /api/records/1/documents","timestamp":"2025-02-19T05:27:03.766Z","userAgent":"Mozilla/5.0 (Windows NT 10.0; Win64; x64) AppleWebKit/537.36 (KHTML, like Gecko) Chrome/132.0.6834.194 Electron/34.1.1 Safari/537.36"}
{"ip":"::1","level":"info","message":"GET /api/records/2/documents","timestamp":"2025-02-19T05:27:14.960Z","userAgent":"Mozilla/5.0 (Windows NT 10.0; Win64; x64) AppleWebKit/537.36 (KHTML, like Gecko) Chrome/132.0.6834.194 Electron/34.1.1 Safari/537.36"}
{"ip":"::1","level":"info","message":"GET /api/records/2","timestamp":"2025-02-19T05:27:14.962Z","userAgent":"Mozilla/5.0 (Windows NT 10.0; Win64; x64) AppleWebKit/537.36 (KHTML, like Gecko) Chrome/132.0.6834.194 Electron/34.1.1 Safari/537.36"}
{"ip":"::1","level":"info","message":"GET /api/records/2/documents","timestamp":"2025-02-19T05:27:22.038Z","userAgent":"Mozilla/5.0 (Windows NT 10.0; Win64; x64) AppleWebKit/537.36 (KHTML, like Gecko) Chrome/132.0.6834.194 Electron/34.1.1 Safari/537.36"}
{"ip":"::1","level":"info","message":"GET /api/records","timestamp":"2025-02-19T05:30:07.777Z","userAgent":"Mozilla/5.0 (Windows NT 10.0; Win64; x64) AppleWebKit/537.36 (KHTML, like Gecko) Chrome/132.0.6834.194 Electron/34.1.1 Safari/537.36"}
{"ip":"::1","level":"info","message":"GET /api/records","timestamp":"2025-02-19T05:31:59.628Z","userAgent":"Mozilla/5.0 (Windows NT 10.0; Win64; x64) AppleWebKit/537.36 (KHTML, like Gecko) Chrome/132.0.6834.194 Electron/34.1.1 Safari/537.36"}
{"ip":"::1","level":"info","message":"GET /api/records","timestamp":"2025-02-19T05:32:05.446Z","userAgent":"Mozilla/5.0 (Windows NT 10.0; Win64; x64) AppleWebKit/537.36 (KHTML, like Gecko) Chrome/132.0.6834.194 Electron/34.1.1 Safari/537.36"}
{"ip":"::1","level":"info","message":"GET /api/records","timestamp":"2025-02-19T05:32:05.454Z","userAgent":"Mozilla/5.0 (Windows NT 10.0; Win64; x64) AppleWebKit/537.36 (KHTML, like Gecko) Chrome/132.0.6834.194 Electron/34.1.1 Safari/537.36"}
{"ip":"::1","level":"info","message":"GET /api/records","timestamp":"2025-02-19T05:32:56.050Z","userAgent":"Mozilla/5.0 (Windows NT 10.0; Win64; x64) AppleWebKit/537.36 (KHTML, like Gecko) Chrome/132.0.6834.194 Electron/34.1.1 Safari/537.36"}
{"ip":"::1","level":"info","message":"GET /api/records?query=j","timestamp":"2025-02-19T05:32:57.587Z","userAgent":"Mozilla/5.0 (Windows NT 10.0; Win64; x64) AppleWebKit/537.36 (KHTML, like Gecko) Chrome/132.0.6834.194 Electron/34.1.1 Safari/537.36"}
{"ip":"::1","level":"info","message":"GET /api/records?query=jo","timestamp":"2025-02-19T05:32:57.759Z","userAgent":"Mozilla/5.0 (Windows NT 10.0; Win64; x64) AppleWebKit/537.36 (KHTML, like Gecko) Chrome/132.0.6834.194 Electron/34.1.1 Safari/537.36"}
{"ip":"::1","level":"info","message":"GET /api/records?query=jos","timestamp":"2025-02-19T05:32:58.329Z","userAgent":"Mozilla/5.0 (Windows NT 10.0; Win64; x64) AppleWebKit/537.36 (KHTML, like Gecko) Chrome/132.0.6834.194 Electron/34.1.1 Safari/537.36"}
{"ip":"::1","level":"info","message":"GET /api/records?query=josh","timestamp":"2025-02-19T05:32:58.560Z","userAgent":"Mozilla/5.0 (Windows NT 10.0; Win64; x64) AppleWebKit/537.36 (KHTML, like Gecko) Chrome/132.0.6834.194 Electron/34.1.1 Safari/537.36"}
{"ip":"::1","level":"info","message":"GET /api/records?query=joshi","timestamp":"2025-02-19T05:32:59.155Z","userAgent":"Mozilla/5.0 (Windows NT 10.0; Win64; x64) AppleWebKit/537.36 (KHTML, like Gecko) Chrome/132.0.6834.194 Electron/34.1.1 Safari/537.36"}
{"ip":"::1","level":"info","message":"GET /api/records?query=josh","timestamp":"2025-02-19T05:32:59.610Z","userAgent":"Mozilla/5.0 (Windows NT 10.0; Win64; x64) AppleWebKit/537.36 (KHTML, like Gecko) Chrome/132.0.6834.194 Electron/34.1.1 Safari/537.36"}
{"ip":"::1","level":"info","message":"GET /api/records?query=joshi","timestamp":"2025-02-19T05:33:00.273Z","userAgent":"Mozilla/5.0 (Windows NT 10.0; Win64; x64) AppleWebKit/537.36 (KHTML, like Gecko) Chrome/132.0.6834.194 Electron/34.1.1 Safari/537.36"}
{"ip":"::1","level":"info","message":"GET /api/records?query=josh","timestamp":"2025-02-19T05:33:00.499Z","userAgent":"Mozilla/5.0 (Windows NT 10.0; Win64; x64) AppleWebKit/537.36 (KHTML, like Gecko) Chrome/132.0.6834.194 Electron/34.1.1 Safari/537.36"}
{"ip":"::1","level":"info","message":"GET /api/records?query=jos","timestamp":"2025-02-19T05:33:00.944Z","userAgent":"Mozilla/5.0 (Windows NT 10.0; Win64; x64) AppleWebKit/537.36 (KHTML, like Gecko) Chrome/132.0.6834.194 Electron/34.1.1 Safari/537.36"}
{"ip":"::1","level":"info","message":"GET /api/records?query=josi","timestamp":"2025-02-19T05:33:01.189Z","userAgent":"Mozilla/5.0 (Windows NT 10.0; Win64; x64) AppleWebKit/537.36 (KHTML, like Gecko) Chrome/132.0.6834.194 Electron/34.1.1 Safari/537.36"}
{"ip":"::1","level":"info","message":"GET /api/records?query=jos","timestamp":"2025-02-19T05:33:01.344Z","userAgent":"Mozilla/5.0 (Windows NT 10.0; Win64; x64) AppleWebKit/537.36 (KHTML, like Gecko) Chrome/132.0.6834.194 Electron/34.1.1 Safari/537.36"}
{"ip":"::1","level":"info","message":"GET /api/records?query=josi","timestamp":"2025-02-19T05:33:01.480Z","userAgent":"Mozilla/5.0 (Windows NT 10.0; Win64; x64) AppleWebKit/537.36 (KHTML, like Gecko) Chrome/132.0.6834.194 Electron/34.1.1 Safari/537.36"}
{"ip":"::1","level":"info","message":"GET /api/records?query=jos","timestamp":"2025-02-19T05:33:01.570Z","userAgent":"Mozilla/5.0 (Windows NT 10.0; Win64; x64) AppleWebKit/537.36 (KHTML, like Gecko) Chrome/132.0.6834.194 Electron/34.1.1 Safari/537.36"}
{"ip":"::1","level":"info","message":"GET /api/records?query=josi","timestamp":"2025-02-19T05:33:01.671Z","userAgent":"Mozilla/5.0 (Windows NT 10.0; Win64; x64) AppleWebKit/537.36 (KHTML, like Gecko) Chrome/132.0.6834.194 Electron/34.1.1 Safari/537.36"}
{"ip":"::1","level":"info","message":"GET /api/records?query=j","timestamp":"2025-02-19T05:33:02.574Z","userAgent":"Mozilla/5.0 (Windows NT 10.0; Win64; x64) AppleWebKit/537.36 (KHTML, like Gecko) Chrome/132.0.6834.194 Electron/34.1.1 Safari/537.36"}
{"ip":"::1","level":"info","message":"GET /api/records?query=jo","timestamp":"2025-02-19T05:33:02.683Z","userAgent":"Mozilla/5.0 (Windows NT 10.0; Win64; x64) AppleWebKit/537.36 (KHTML, like Gecko) Chrome/132.0.6834.194 Electron/34.1.1 Safari/537.36"}
{"ip":"::1","level":"info","message":"GET /api/records?query=jos","timestamp":"2025-02-19T05:33:02.866Z","userAgent":"Mozilla/5.0 (Windows NT 10.0; Win64; x64) AppleWebKit/537.36 (KHTML, like Gecko) Chrome/132.0.6834.194 Electron/34.1.1 Safari/537.36"}
{"ip":"::1","level":"info","message":"GET /api/records?query=josr","timestamp":"2025-02-19T05:33:03.157Z","userAgent":"Mozilla/5.0 (Windows NT 10.0; Win64; x64) AppleWebKit/537.36 (KHTML, like Gecko) Chrome/132.0.6834.194 Electron/34.1.1 Safari/537.36"}
{"ip":"::1","level":"info","message":"GET /api/records?query=jos","timestamp":"2025-02-19T05:33:03.677Z","userAgent":"Mozilla/5.0 (Windows NT 10.0; Win64; x64) AppleWebKit/537.36 (KHTML, like Gecko) Chrome/132.0.6834.194 Electron/34.1.1 Safari/537.36"}
{"ip":"::1","level":"info","message":"GET /api/records?query=s","timestamp":"2025-02-19T05:33:07.508Z","userAgent":"Mozilla/5.0 (Windows NT 10.0; Win64; x64) AppleWebKit/537.36 (KHTML, like Gecko) Chrome/132.0.6834.194 Electron/34.1.1 Safari/537.36"}
{"ip":"::1","level":"info","message":"GET /api/records?query=","timestamp":"2025-02-19T05:33:08.173Z","userAgent":"Mozilla/5.0 (Windows NT 10.0; Win64; x64) AppleWebKit/537.36 (KHTML, like Gecko) Chrome/132.0.6834.194 Electron/34.1.1 Safari/537.36"}
{"ip":"::1","level":"info","message":"GET /api/records?query=j","timestamp":"2025-02-19T05:33:08.737Z","userAgent":"Mozilla/5.0 (Windows NT 10.0; Win64; x64) AppleWebKit/537.36 (KHTML, like Gecko) Chrome/132.0.6834.194 Electron/34.1.1 Safari/537.36"}
{"ip":"::1","level":"info","message":"GET /api/records?query=jo","timestamp":"2025-02-19T05:33:08.900Z","userAgent":"Mozilla/5.0 (Windows NT 10.0; Win64; x64) AppleWebKit/537.36 (KHTML, like Gecko) Chrome/132.0.6834.194 Electron/34.1.1 Safari/537.36"}
{"ip":"::1","level":"info","message":"GET /api/records?query=jos","timestamp":"2025-02-19T05:33:09.235Z","userAgent":"Mozilla/5.0 (Windows NT 10.0; Win64; x64) AppleWebKit/537.36 (KHTML, like Gecko) Chrome/132.0.6834.194 Electron/34.1.1 Safari/537.36"}
{"ip":"::1","level":"info","message":"GET /api/records?query=josa","timestamp":"2025-02-19T05:33:09.594Z","userAgent":"Mozilla/5.0 (Windows NT 10.0; Win64; x64) AppleWebKit/537.36 (KHTML, like Gecko) Chrome/132.0.6834.194 Electron/34.1.1 Safari/537.36"}
{"ip":"::1","level":"info","message":"GET /api/records?query=jos","timestamp":"2025-02-19T05:33:09.935Z","userAgent":"Mozilla/5.0 (Windows NT 10.0; Win64; x64) AppleWebKit/537.36 (KHTML, like Gecko) Chrome/132.0.6834.194 Electron/34.1.1 Safari/537.36"}
{"ip":"::1","level":"info","message":"GET /api/records?query=josa","timestamp":"2025-02-19T05:33:10.204Z","userAgent":"Mozilla/5.0 (Windows NT 10.0; Win64; x64) AppleWebKit/537.36 (KHTML, like Gecko) Chrome/132.0.6834.194 Electron/34.1.1 Safari/537.36"}
{"ip":"::1","level":"info","message":"GET /api/records?query=jos","timestamp":"2025-02-19T05:33:10.336Z","userAgent":"Mozilla/5.0 (Windows NT 10.0; Win64; x64) AppleWebKit/537.36 (KHTML, like Gecko) Chrome/132.0.6834.194 Electron/34.1.1 Safari/537.36"}
{"ip":"::1","level":"info","message":"GET /api/records?query=josa","timestamp":"2025-02-19T05:33:10.453Z","userAgent":"Mozilla/5.0 (Windows NT 10.0; Win64; x64) AppleWebKit/537.36 (KHTML, like Gecko) Chrome/132.0.6834.194 Electron/34.1.1 Safari/537.36"}
{"ip":"::1","level":"info","message":"GET /api/records?query=jos","timestamp":"2025-02-19T05:33:10.566Z","userAgent":"Mozilla/5.0 (Windows NT 10.0; Win64; x64) AppleWebKit/537.36 (KHTML, like Gecko) Chrome/132.0.6834.194 Electron/34.1.1 Safari/537.36"}
{"ip":"::1","level":"info","message":"GET /api/records?query=josa","timestamp":"2025-02-19T05:33:10.655Z","userAgent":"Mozilla/5.0 (Windows NT 10.0; Win64; x64) AppleWebKit/537.36 (KHTML, like Gecko) Chrome/132.0.6834.194 Electron/34.1.1 Safari/537.36"}
{"ip":"::1","level":"info","message":"GET /api/records?query=jos","timestamp":"2025-02-19T05:33:10.772Z","userAgent":"Mozilla/5.0 (Windows NT 10.0; Win64; x64) AppleWebKit/537.36 (KHTML, like Gecko) Chrome/132.0.6834.194 Electron/34.1.1 Safari/537.36"}
{"ip":"::1","level":"info","message":"GET /api/records?query=josa","timestamp":"2025-02-19T05:33:10.870Z","userAgent":"Mozilla/5.0 (Windows NT 10.0; Win64; x64) AppleWebKit/537.36 (KHTML, like Gecko) Chrome/132.0.6834.194 Electron/34.1.1 Safari/537.36"}
{"ip":"::1","level":"info","message":"GET /api/records?query=jos","timestamp":"2025-02-19T05:33:10.966Z","userAgent":"Mozilla/5.0 (Windows NT 10.0; Win64; x64) AppleWebKit/537.36 (KHTML, like Gecko) Chrome/132.0.6834.194 Electron/34.1.1 Safari/537.36"}
{"ip":"::1","level":"info","message":"GET /api/records?query=josa","timestamp":"2025-02-19T05:33:11.042Z","userAgent":"Mozilla/5.0 (Windows NT 10.0; Win64; x64) AppleWebKit/537.36 (KHTML, like Gecko) Chrome/132.0.6834.194 Electron/34.1.1 Safari/537.36"}
{"ip":"::1","level":"info","message":"GET /api/records?query=jos","timestamp":"2025-02-19T05:33:11.155Z","userAgent":"Mozilla/5.0 (Windows NT 10.0; Win64; x64) AppleWebKit/537.36 (KHTML, like Gecko) Chrome/132.0.6834.194 Electron/34.1.1 Safari/537.36"}
{"ip":"::1","level":"info","message":"GET /api/records?query=josa","timestamp":"2025-02-19T05:33:11.242Z","userAgent":"Mozilla/5.0 (Windows NT 10.0; Win64; x64) AppleWebKit/537.36 (KHTML, like Gecko) Chrome/132.0.6834.194 Electron/34.1.1 Safari/537.36"}
{"ip":"::1","level":"info","message":"GET /api/records?query=jos","timestamp":"2025-02-19T05:33:11.344Z","userAgent":"Mozilla/5.0 (Windows NT 10.0; Win64; x64) AppleWebKit/537.36 (KHTML, like Gecko) Chrome/132.0.6834.194 Electron/34.1.1 Safari/537.36"}
{"ip":"::1","level":"info","message":"GET /api/records?query=josa","timestamp":"2025-02-19T05:33:11.426Z","userAgent":"Mozilla/5.0 (Windows NT 10.0; Win64; x64) AppleWebKit/537.36 (KHTML, like Gecko) Chrome/132.0.6834.194 Electron/34.1.1 Safari/537.36"}
{"ip":"::1","level":"info","message":"GET /api/records?query=jos","timestamp":"2025-02-19T05:33:11.529Z","userAgent":"Mozilla/5.0 (Windows NT 10.0; Win64; x64) AppleWebKit/537.36 (KHTML, like Gecko) Chrome/132.0.6834.194 Electron/34.1.1 Safari/537.36"}
{"ip":"::1","level":"info","message":"GET /api/records?query=josa","timestamp":"2025-02-19T05:33:11.615Z","userAgent":"Mozilla/5.0 (Windows NT 10.0; Win64; x64) AppleWebKit/537.36 (KHTML, like Gecko) Chrome/132.0.6834.194 Electron/34.1.1 Safari/537.36"}
{"ip":"::1","level":"info","message":"GET /api/records?query=jos","timestamp":"2025-02-19T05:33:11.713Z","userAgent":"Mozilla/5.0 (Windows NT 10.0; Win64; x64) AppleWebKit/537.36 (KHTML, like Gecko) Chrome/132.0.6834.194 Electron/34.1.1 Safari/537.36"}
{"ip":"::1","level":"info","message":"GET /api/records?query=josa","timestamp":"2025-02-19T05:33:11.785Z","userAgent":"Mozilla/5.0 (Windows NT 10.0; Win64; x64) AppleWebKit/537.36 (KHTML, like Gecko) Chrome/132.0.6834.194 Electron/34.1.1 Safari/537.36"}
{"ip":"::1","level":"info","message":"GET /api/records?query=jos","timestamp":"2025-02-19T05:33:11.889Z","userAgent":"Mozilla/5.0 (Windows NT 10.0; Win64; x64) AppleWebKit/537.36 (KHTML, like Gecko) Chrome/132.0.6834.194 Electron/34.1.1 Safari/537.36"}
{"ip":"::1","level":"info","message":"GET /api/records?query=josa","timestamp":"2025-02-19T05:33:11.972Z","userAgent":"Mozilla/5.0 (Windows NT 10.0; Win64; x64) AppleWebKit/537.36 (KHTML, like Gecko) Chrome/132.0.6834.194 Electron/34.1.1 Safari/537.36"}
{"ip":"::1","level":"info","message":"GET /api/records?query=jos","timestamp":"2025-02-19T05:33:12.056Z","userAgent":"Mozilla/5.0 (Windows NT 10.0; Win64; x64) AppleWebKit/537.36 (KHTML, like Gecko) Chrome/132.0.6834.194 Electron/34.1.1 Safari/537.36"}
{"ip":"::1","level":"info","message":"GET /api/records?query=josa","timestamp":"2025-02-19T05:33:12.149Z","userAgent":"Mozilla/5.0 (Windows NT 10.0; Win64; x64) AppleWebKit/537.36 (KHTML, like Gecko) Chrome/132.0.6834.194 Electron/34.1.1 Safari/537.36"}
{"ip":"::1","level":"info","message":"GET /api/records?query=jos","timestamp":"2025-02-19T05:33:12.248Z","userAgent":"Mozilla/5.0 (Windows NT 10.0; Win64; x64) AppleWebKit/537.36 (KHTML, like Gecko) Chrome/132.0.6834.194 Electron/34.1.1 Safari/537.36"}
{"ip":"::1","level":"info","message":"GET /api/records?query=josa","timestamp":"2025-02-19T05:33:12.341Z","userAgent":"Mozilla/5.0 (Windows NT 10.0; Win64; x64) AppleWebKit/537.36 (KHTML, like Gecko) Chrome/132.0.6834.194 Electron/34.1.1 Safari/537.36"}
{"ip":"::1","level":"info","message":"GET /api/records?query=jos","timestamp":"2025-02-19T05:33:12.432Z","userAgent":"Mozilla/5.0 (Windows NT 10.0; Win64; x64) AppleWebKit/537.36 (KHTML, like Gecko) Chrome/132.0.6834.194 Electron/34.1.1 Safari/537.36"}
{"ip":"::1","level":"info","message":"GET /api/records?query=josa","timestamp":"2025-02-19T05:33:12.495Z","userAgent":"Mozilla/5.0 (Windows NT 10.0; Win64; x64) AppleWebKit/537.36 (KHTML, like Gecko) Chrome/132.0.6834.194 Electron/34.1.1 Safari/537.36"}
{"ip":"::1","level":"info","message":"GET /api/records?query=","timestamp":"2025-02-19T05:33:13.055Z","userAgent":"Mozilla/5.0 (Windows NT 10.0; Win64; x64) AppleWebKit/537.36 (KHTML, like Gecko) Chrome/132.0.6834.194 Electron/34.1.1 Safari/537.36"}
{"ip":"::1","level":"info","message":"GET /api/records?query=c","timestamp":"2025-02-19T05:33:13.390Z","userAgent":"Mozilla/5.0 (Windows NT 10.0; Win64; x64) AppleWebKit/537.36 (KHTML, like Gecko) Chrome/132.0.6834.194 Electron/34.1.1 Safari/537.36"}
{"ip":"::1","level":"info","message":"GET /api/records?query=","timestamp":"2025-02-19T05:33:13.622Z","userAgent":"Mozilla/5.0 (Windows NT 10.0; Win64; x64) AppleWebKit/537.36 (KHTML, like Gecko) Chrome/132.0.6834.194 Electron/34.1.1 Safari/537.36"}
{"ip":"::1","level":"info","message":"GET /api/records?query=s","timestamp":"2025-02-19T05:33:13.862Z","userAgent":"Mozilla/5.0 (Windows NT 10.0; Win64; x64) AppleWebKit/537.36 (KHTML, like Gecko) Chrome/132.0.6834.194 Electron/34.1.1 Safari/537.36"}
{"ip":"::1","level":"info","message":"GET /api/records?query=","timestamp":"2025-02-19T05:33:14.228Z","userAgent":"Mozilla/5.0 (Windows NT 10.0; Win64; x64) AppleWebKit/537.36 (KHTML, like Gecko) Chrome/132.0.6834.194 Electron/34.1.1 Safari/537.36"}
{"ip":"::1","level":"info","message":"GET /api/records?query=c","timestamp":"2025-02-19T05:33:14.308Z","userAgent":"Mozilla/5.0 (Windows NT 10.0; Win64; x64) AppleWebKit/537.36 (KHTML, like Gecko) Chrome/132.0.6834.194 Electron/34.1.1 Safari/537.36"}
{"ip":"::1","level":"info","message":"GET /api/records?query=ca","timestamp":"2025-02-19T05:33:14.587Z","userAgent":"Mozilla/5.0 (Windows NT 10.0; Win64; x64) AppleWebKit/537.36 (KHTML, like Gecko) Chrome/132.0.6834.194 Electron/34.1.1 Safari/537.36"}
{"ip":"::1","level":"info","message":"GET /api/records?query=c","timestamp":"2025-02-19T05:33:15.771Z","userAgent":"Mozilla/5.0 (Windows NT 10.0; Win64; x64) AppleWebKit/537.36 (KHTML, like Gecko) Chrome/132.0.6834.194 Electron/34.1.1 Safari/537.36"}
{"ip":"::1","level":"info","message":"GET /api/records?query=r","timestamp":"2025-02-19T05:33:16.379Z","userAgent":"Mozilla/5.0 (Windows NT 10.0; Win64; x64) AppleWebKit/537.36 (KHTML, like Gecko) Chrome/132.0.6834.194 Electron/34.1.1 Safari/537.36"}
{"ip":"::1","level":"info","message":"GET /api/records?query=ro","timestamp":"2025-02-19T05:33:16.571Z","userAgent":"Mozilla/5.0 (Windows NT 10.0; Win64; x64) AppleWebKit/537.36 (KHTML, like Gecko) Chrome/132.0.6834.194 Electron/34.1.1 Safari/537.36"}
{"ip":"::1","level":"info","message":"GET /api/records?query=ron","timestamp":"2025-02-19T05:33:16.916Z","userAgent":"Mozilla/5.0 (Windows NT 10.0; Win64; x64) AppleWebKit/537.36 (KHTML, like Gecko) Chrome/132.0.6834.194 Electron/34.1.1 Safari/537.36"}
{"ip":"::1","level":"info","message":"GET /api/records?query=rona","timestamp":"2025-02-19T05:33:17.053Z","userAgent":"Mozilla/5.0 (Windows NT 10.0; Win64; x64) AppleWebKit/537.36 (KHTML, like Gecko) Chrome/132.0.6834.194 Electron/34.1.1 Safari/537.36"}
{"ip":"::1","level":"info","message":"GET /api/records?query=ronan","timestamp":"2025-02-19T05:33:17.246Z","userAgent":"Mozilla/5.0 (Windows NT 10.0; Win64; x64) AppleWebKit/537.36 (KHTML, like Gecko) Chrome/132.0.6834.194 Electron/34.1.1 Safari/537.36"}
{"ip":"::1","level":"info","message":"GET /api/records?query=","timestamp":"2025-02-19T05:33:18.211Z","userAgent":"Mozilla/5.0 (Windows NT 10.0; Win64; x64) AppleWebKit/537.36 (KHTML, like Gecko) Chrome/132.0.6834.194 Electron/34.1.1 Safari/537.36"}
{"ip":"::1","level":"info","message":"GET /api/records?query=v","timestamp":"2025-02-19T05:35:18.069Z","userAgent":"Mozilla/5.0 (Windows NT 10.0; Win64; x64) AppleWebKit/537.36 (KHTML, like Gecko) Chrome/132.0.6834.194 Electron/34.1.1 Safari/537.36"}
{"ip":"::1","level":"info","message":"GET /api/records?query=va","timestamp":"2025-02-19T05:35:18.133Z","userAgent":"Mozilla/5.0 (Windows NT 10.0; Win64; x64) AppleWebKit/537.36 (KHTML, like Gecko) Chrome/132.0.6834.194 Electron/34.1.1 Safari/537.36"}
{"ip":"::1","level":"info","message":"GET /api/records?query=v","timestamp":"2025-02-19T05:35:18.586Z","userAgent":"Mozilla/5.0 (Windows NT 10.0; Win64; x64) AppleWebKit/537.36 (KHTML, like Gecko) Chrome/132.0.6834.194 Electron/34.1.1 Safari/537.36"}
{"ip":"::1","level":"info","message":"GET /api/records?query=","timestamp":"2025-02-19T05:35:18.745Z","userAgent":"Mozilla/5.0 (Windows NT 10.0; Win64; x64) AppleWebKit/537.36 (KHTML, like Gecko) Chrome/132.0.6834.194 Electron/34.1.1 Safari/537.36"}
{"ip":"::1","level":"info","message":"GET /api/records?query=r","timestamp":"2025-02-19T05:35:19.852Z","userAgent":"Mozilla/5.0 (Windows NT 10.0; Win64; x64) AppleWebKit/537.36 (KHTML, like Gecko) Chrome/132.0.6834.194 Electron/34.1.1 Safari/537.36"}
{"ip":"::1","level":"info","message":"GET /api/records?query=ro","timestamp":"2025-02-19T05:35:20.814Z","userAgent":"Mozilla/5.0 (Windows NT 10.0; Win64; x64) AppleWebKit/537.36 (KHTML, like Gecko) Chrome/132.0.6834.194 Electron/34.1.1 Safari/537.36"}
{"ip":"::1","level":"info","message":"GET /api/records?query=roa","timestamp":"2025-02-19T05:35:21.071Z","userAgent":"Mozilla/5.0 (Windows NT 10.0; Win64; x64) AppleWebKit/537.36 (KHTML, like Gecko) Chrome/132.0.6834.194 Electron/34.1.1 Safari/537.36"}
{"ip":"::1","level":"info","message":"GET /api/records?query=roan","timestamp":"2025-02-19T05:35:21.171Z","userAgent":"Mozilla/5.0 (Windows NT 10.0; Win64; x64) AppleWebKit/537.36 (KHTML, like Gecko) Chrome/132.0.6834.194 Electron/34.1.1 Safari/537.36"}
{"ip":"::1","level":"info","message":"GET /api/records?query=roa","timestamp":"2025-02-19T05:35:21.469Z","userAgent":"Mozilla/5.0 (Windows NT 10.0; Win64; x64) AppleWebKit/537.36 (KHTML, like Gecko) Chrome/132.0.6834.194 Electron/34.1.1 Safari/537.36"}
{"ip":"::1","level":"info","message":"GET /api/records?query=ro","timestamp":"2025-02-19T05:35:21.605Z","userAgent":"Mozilla/5.0 (Windows NT 10.0; Win64; x64) AppleWebKit/537.36 (KHTML, like Gecko) Chrome/132.0.6834.194 Electron/34.1.1 Safari/537.36"}
{"ip":"::1","level":"info","message":"GET /api/records?query=ron","timestamp":"2025-02-19T05:35:21.771Z","userAgent":"Mozilla/5.0 (Windows NT 10.0; Win64; x64) AppleWebKit/537.36 (KHTML, like Gecko) Chrome/132.0.6834.194 Electron/34.1.1 Safari/537.36"}
{"ip":"::1","level":"info","message":"GET /api/records?query=rona","timestamp":"2025-02-19T05:35:21.855Z","userAgent":"Mozilla/5.0 (Windows NT 10.0; Win64; x64) AppleWebKit/537.36 (KHTML, like Gecko) Chrome/132.0.6834.194 Electron/34.1.1 Safari/537.36"}
{"ip":"::1","level":"info","message":"GET /api/records?query=ronan","timestamp":"2025-02-19T05:35:21.988Z","userAgent":"Mozilla/5.0 (Windows NT 10.0; Win64; x64) AppleWebKit/537.36 (KHTML, like Gecko) Chrome/132.0.6834.194 Electron/34.1.1 Safari/537.36"}
{"ip":"::1","level":"info","message":"GET /api/records?query=ronan+","timestamp":"2025-02-19T05:35:22.358Z","userAgent":"Mozilla/5.0 (Windows NT 10.0; Win64; x64) AppleWebKit/537.36 (KHTML, like Gecko) Chrome/132.0.6834.194 Electron/34.1.1 Safari/537.36"}
{"ip":"::1","level":"info","message":"GET /api/records?query=ronan+r","timestamp":"2025-02-19T05:35:22.482Z","userAgent":"Mozilla/5.0 (Windows NT 10.0; Win64; x64) AppleWebKit/537.36 (KHTML, like Gecko) Chrome/132.0.6834.194 Electron/34.1.1 Safari/537.36"}
{"ip":"::1","level":"info","message":"GET /api/records?query=ronan+re","timestamp":"2025-02-19T05:35:22.553Z","userAgent":"Mozilla/5.0 (Windows NT 10.0; Win64; x64) AppleWebKit/537.36 (KHTML, like Gecko) Chrome/132.0.6834.194 Electron/34.1.1 Safari/537.36"}
{"ip":"::1","level":"info","message":"GET /api/records?query=ronan+rea","timestamp":"2025-02-19T05:35:22.873Z","userAgent":"Mozilla/5.0 (Windows NT 10.0; Win64; x64) AppleWebKit/537.36 (KHTML, like Gecko) Chrome/132.0.6834.194 Electron/34.1.1 Safari/537.36"}
{"ip":"::1","level":"info","message":"GET /api/records?query=ronan+reai","timestamp":"2025-02-19T05:35:22.955Z","userAgent":"Mozilla/5.0 (Windows NT 10.0; Win64; x64) AppleWebKit/537.36 (KHTML, like Gecko) Chrome/132.0.6834.194 Electron/34.1.1 Safari/537.36"}
{"ip":"::1","level":"info","message":"GET /api/records?query=ronan+rea","timestamp":"2025-02-19T05:35:23.317Z","userAgent":"Mozilla/5.0 (Windows NT 10.0; Win64; x64) AppleWebKit/537.36 (KHTML, like Gecko) Chrome/132.0.6834.194 Electron/34.1.1 Safari/537.36"}
{"ip":"::1","level":"info","message":"GET /api/records?query=ronan+re","timestamp":"2025-02-19T05:35:23.470Z","userAgent":"Mozilla/5.0 (Windows NT 10.0; Win64; x64) AppleWebKit/537.36 (KHTML, like Gecko) Chrome/132.0.6834.194 Electron/34.1.1 Safari/537.36"}
{"ip":"::1","level":"info","message":"GET /api/records?query=ronan+rea","timestamp":"2025-02-19T05:35:24.018Z","userAgent":"Mozilla/5.0 (Windows NT 10.0; Win64; x64) AppleWebKit/537.36 (KHTML, like Gecko) Chrome/132.0.6834.194 Electron/34.1.1 Safari/537.36"}
{"ip":"::1","level":"info","message":"GET /api/records?query=ronan+real","timestamp":"2025-02-19T05:35:24.148Z","userAgent":"Mozilla/5.0 (Windows NT 10.0; Win64; x64) AppleWebKit/537.36 (KHTML, like Gecko) Chrome/132.0.6834.194 Electron/34.1.1 Safari/537.36"}
{"ip":"::1","level":"info","message":"GET /api/records?query=","timestamp":"2025-02-19T05:35:24.586Z","userAgent":"Mozilla/5.0 (Windows NT 10.0; Win64; x64) AppleWebKit/537.36 (KHTML, like Gecko) Chrome/132.0.6834.194 Electron/34.1.1 Safari/537.36"}
{"ip":"::1","level":"info","message":"GET /api/records?query=v","timestamp":"2025-02-19T05:36:42.968Z","userAgent":"Mozilla/5.0 (Windows NT 10.0; Win64; x64) AppleWebKit/537.36 (KHTML, like Gecko) Chrome/132.0.6834.194 Electron/34.1.1 Safari/537.36"}
{"ip":"::1","level":"info","message":"GET /api/records?query=va","timestamp":"2025-02-19T05:36:43.078Z","userAgent":"Mozilla/5.0 (Windows NT 10.0; Win64; x64) AppleWebKit/537.36 (KHTML, like Gecko) Chrome/132.0.6834.194 Electron/34.1.1 Safari/537.36"}
{"ip":"::1","level":"info","message":"GET /api/records?query=v","timestamp":"2025-02-19T05:36:43.386Z","userAgent":"Mozilla/5.0 (Windows NT 10.0; Win64; x64) AppleWebKit/537.36 (KHTML, like Gecko) Chrome/132.0.6834.194 Electron/34.1.1 Safari/537.36"}
{"ip":"::1","level":"info","message":"GET /api/records?query=","timestamp":"2025-02-19T05:36:43.543Z","userAgent":"Mozilla/5.0 (Windows NT 10.0; Win64; x64) AppleWebKit/537.36 (KHTML, like Gecko) Chrome/132.0.6834.194 Electron/34.1.1 Safari/537.36"}
{"ip":"::1","level":"info","message":"GET /api/records?query=c","timestamp":"2025-02-19T05:36:43.649Z","userAgent":"Mozilla/5.0 (Windows NT 10.0; Win64; x64) AppleWebKit/537.36 (KHTML, like Gecko) Chrome/132.0.6834.194 Electron/34.1.1 Safari/537.36"}
{"ip":"::1","level":"info","message":"GET /api/records?query=ca","timestamp":"2025-02-19T05:36:43.699Z","userAgent":"Mozilla/5.0 (Windows NT 10.0; Win64; x64) AppleWebKit/537.36 (KHTML, like Gecko) Chrome/132.0.6834.194 Electron/34.1.1 Safari/537.36"}
{"ip":"::1","level":"info","message":"GET /api/records?query=cat","timestamp":"2025-02-19T05:36:44.017Z","userAgent":"Mozilla/5.0 (Windows NT 10.0; Win64; x64) AppleWebKit/537.36 (KHTML, like Gecko) Chrome/132.0.6834.194 Electron/34.1.1 Safari/537.36"}
{"ip":"::1","level":"info","message":"GET /api/records?query=cati","timestamp":"2025-02-19T05:36:44.179Z","userAgent":"Mozilla/5.0 (Windows NT 10.0; Win64; x64) AppleWebKit/537.36 (KHTML, like Gecko) Chrome/132.0.6834.194 Electron/34.1.1 Safari/537.36"}
{"ip":"::1","level":"info","message":"GET /api/records?query=","timestamp":"2025-02-19T05:36:44.946Z","userAgent":"Mozilla/5.0 (Windows NT 10.0; Win64; x64) AppleWebKit/537.36 (KHTML, like Gecko) Chrome/132.0.6834.194 Electron/34.1.1 Safari/537.36"}
{"ip":"::1","level":"info","message":"GET /api/records?query=a","timestamp":"2025-02-19T05:36:46.332Z","userAgent":"Mozilla/5.0 (Windows NT 10.0; Win64; x64) AppleWebKit/537.36 (KHTML, like Gecko) Chrome/132.0.6834.194 Electron/34.1.1 Safari/537.36"}
{"ip":"::1","level":"info","message":"GET /api/records?query=","timestamp":"2025-02-19T05:36:46.679Z","userAgent":"Mozilla/5.0 (Windows NT 10.0; Win64; x64) AppleWebKit/537.36 (KHTML, like Gecko) Chrome/132.0.6834.194 Electron/34.1.1 Safari/537.36"}
{"ip":"::1","level":"info","message":"GET /api/records?query=c","timestamp":"2025-02-19T05:36:46.745Z","userAgent":"Mozilla/5.0 (Windows NT 10.0; Win64; x64) AppleWebKit/537.36 (KHTML, like Gecko) Chrome/132.0.6834.194 Electron/34.1.1 Safari/537.36"}
{"ip":"::1","level":"info","message":"GET /api/records?query=ca","timestamp":"2025-02-19T05:36:46.833Z","userAgent":"Mozilla/5.0 (Windows NT 10.0; Win64; x64) AppleWebKit/537.36 (KHTML, like Gecko) Chrome/132.0.6834.194 Electron/34.1.1 Safari/537.36"}
{"ip":"::1","level":"info","message":"GET /api/records?query=cat","timestamp":"2025-02-19T05:36:47.338Z","userAgent":"Mozilla/5.0 (Windows NT 10.0; Win64; x64) AppleWebKit/537.36 (KHTML, like Gecko) Chrome/132.0.6834.194 Electron/34.1.1 Safari/537.36"}
{"ip":"::1","level":"info","message":"GET /api/records?query=cati","timestamp":"2025-02-19T05:36:47.463Z","userAgent":"Mozilla/5.0 (Windows NT 10.0; Win64; x64) AppleWebKit/537.36 (KHTML, like Gecko) Chrome/132.0.6834.194 Electron/34.1.1 Safari/537.36"}
{"ip":"::1","level":"info","message":"GET /api/records?query=r","timestamp":"2025-02-19T05:36:48.107Z","userAgent":"Mozilla/5.0 (Windows NT 10.0; Win64; x64) AppleWebKit/537.36 (KHTML, like Gecko) Chrome/132.0.6834.194 Electron/34.1.1 Safari/537.36"}
{"ip":"::1","level":"info","message":"GET /api/records?query=ro","timestamp":"2025-02-19T05:36:48.201Z","userAgent":"Mozilla/5.0 (Windows NT 10.0; Win64; x64) AppleWebKit/537.36 (KHTML, like Gecko) Chrome/132.0.6834.194 Electron/34.1.1 Safari/537.36"}
{"ip":"::1","level":"info","message":"GET /api/records?query=ron","timestamp":"2025-02-19T05:36:48.433Z","userAgent":"Mozilla/5.0 (Windows NT 10.0; Win64; x64) AppleWebKit/537.36 (KHTML, like Gecko) Chrome/132.0.6834.194 Electron/34.1.1 Safari/537.36"}
{"ip":"::1","level":"info","message":"GET /api/records?query=rona","timestamp":"2025-02-19T05:36:48.527Z","userAgent":"Mozilla/5.0 (Windows NT 10.0; Win64; x64) AppleWebKit/537.36 (KHTML, like Gecko) Chrome/132.0.6834.194 Electron/34.1.1 Safari/537.36"}
{"ip":"::1","level":"info","message":"GET /api/records?query=ronan","timestamp":"2025-02-19T05:36:48.709Z","userAgent":"Mozilla/5.0 (Windows NT 10.0; Win64; x64) AppleWebKit/537.36 (KHTML, like Gecko) Chrome/132.0.6834.194 Electron/34.1.1 Safari/537.36"}
{"ip":"::1","level":"info","message":"GET /api/records?query=","timestamp":"2025-02-19T05:36:49.428Z","userAgent":"Mozilla/5.0 (Windows NT 10.0; Win64; x64) AppleWebKit/537.36 (KHTML, like Gecko) Chrome/132.0.6834.194 Electron/34.1.1 Safari/537.36"}
{"ip":"::1","level":"info","message":"GET /api/records?query=k","timestamp":"2025-02-19T05:36:49.745Z","userAgent":"Mozilla/5.0 (Windows NT 10.0; Win64; x64) AppleWebKit/537.36 (KHTML, like Gecko) Chrome/132.0.6834.194 Electron/34.1.1 Safari/537.36"}
{"ip":"::1","level":"info","message":"GET /api/records?query=ks","timestamp":"2025-02-19T05:36:49.760Z","userAgent":"Mozilla/5.0 (Windows NT 10.0; Win64; x64) AppleWebKit/537.36 (KHTML, like Gecko) Chrome/132.0.6834.194 Electron/34.1.1 Safari/537.36"}
{"ip":"::1","level":"info","message":"GET /api/records?query=ksk","timestamp":"2025-02-19T05:36:49.774Z","userAgent":"Mozilla/5.0 (Windows NT 10.0; Win64; x64) AppleWebKit/537.36 (KHTML, like Gecko) Chrome/132.0.6834.194 Electron/34.1.1 Safari/537.36"}
{"ip":"::1","level":"info","message":"GET /api/records?query=kska","timestamp":"2025-02-19T05:36:49.827Z","userAgent":"Mozilla/5.0 (Windows NT 10.0; Win64; x64) AppleWebKit/537.36 (KHTML, like Gecko) Chrome/132.0.6834.194 Electron/34.1.1 Safari/537.36"}
{"ip":"::1","level":"info","message":"GET /api/records?query=kskad","timestamp":"2025-02-19T05:36:49.862Z","userAgent":"Mozilla/5.0 (Windows NT 10.0; Win64; x64) AppleWebKit/537.36 (KHTML, like Gecko) Chrome/132.0.6834.194 Electron/34.1.1 Safari/537.36"}
{"ip":"::1","level":"info","message":"GET /api/records?query=kskads","timestamp":"2025-02-19T05:36:49.995Z","userAgent":"Mozilla/5.0 (Windows NT 10.0; Win64; x64) AppleWebKit/537.36 (KHTML, like Gecko) Chrome/132.0.6834.194 Electron/34.1.1 Safari/537.36"}
{"ip":"::1","level":"info","message":"GET /api/records?query=kskadsa","timestamp":"2025-02-19T05:36:50.009Z","userAgent":"Mozilla/5.0 (Windows NT 10.0; Win64; x64) AppleWebKit/537.36 (KHTML, like Gecko) Chrome/132.0.6834.194 Electron/34.1.1 Safari/537.36"}
{"ip":"::1","level":"info","message":"GET /api/records?query=kskadsad","timestamp":"2025-02-19T05:36:50.088Z","userAgent":"Mozilla/5.0 (Windows NT 10.0; Win64; x64) AppleWebKit/537.36 (KHTML, like Gecko) Chrome/132.0.6834.194 Electron/34.1.1 Safari/537.36"}
{"ip":"::1","level":"info","message":"GET /api/records?query=","timestamp":"2025-02-19T05:36:50.507Z","userAgent":"Mozilla/5.0 (Windows NT 10.0; Win64; x64) AppleWebKit/537.36 (KHTML, like Gecko) Chrome/132.0.6834.194 Electron/34.1.1 Safari/537.36"}
{"ip":"::1","level":"info","message":"GET /api/records?query=f","timestamp":"2025-02-19T05:37:13.493Z","userAgent":"Mozilla/5.0 (Windows NT 10.0; Win64; x64) AppleWebKit/537.36 (KHTML, like Gecko) Chrome/132.0.6834.194 Electron/34.1.1 Safari/537.36"}
{"ip":"::1","level":"info","message":"GET /api/records?query=fe","timestamp":"2025-02-19T05:37:13.658Z","userAgent":"Mozilla/5.0 (Windows NT 10.0; Win64; x64) AppleWebKit/537.36 (KHTML, like Gecko) Chrome/132.0.6834.194 Electron/34.1.1 Safari/537.36"}
{"ip":"::1","level":"info","message":"GET /api/records?query=fev","timestamp":"2025-02-19T05:37:13.890Z","userAgent":"Mozilla/5.0 (Windows NT 10.0; Win64; x64) AppleWebKit/537.36 (KHTML, like Gecko) Chrome/132.0.6834.194 Electron/34.1.1 Safari/537.36"}
{"ip":"::1","level":"info","message":"GET /api/records?query=e","timestamp":"2025-02-19T05:37:14.859Z","userAgent":"Mozilla/5.0 (Windows NT 10.0; Win64; x64) AppleWebKit/537.36 (KHTML, like Gecko) Chrome/132.0.6834.194 Electron/34.1.1 Safari/537.36"}
{"ip":"::1","level":"info","message":"GET /api/records?query=ef","timestamp":"2025-02-19T05:37:14.937Z","userAgent":"Mozilla/5.0 (Windows NT 10.0; Win64; x64) AppleWebKit/537.36 (KHTML, like Gecko) Chrome/132.0.6834.194 Electron/34.1.1 Safari/537.36"}
{"ip":"::1","level":"info","message":"GET /api/records?query=eff","timestamp":"2025-02-19T05:37:15.380Z","userAgent":"Mozilla/5.0 (Windows NT 10.0; Win64; x64) AppleWebKit/537.36 (KHTML, like Gecko) Chrome/132.0.6834.194 Electron/34.1.1 Safari/537.36"}
{"ip":"::1","level":"info","message":"GET /api/records?query=f","timestamp":"2025-02-19T05:37:15.885Z","userAgent":"Mozilla/5.0 (Windows NT 10.0; Win64; x64) AppleWebKit/537.36 (KHTML, like Gecko) Chrome/132.0.6834.194 Electron/34.1.1 Safari/537.36"}
{"ip":"::1","level":"info","message":"GET /api/records?query=fe","timestamp":"2025-02-19T05:37:16.193Z","userAgent":"Mozilla/5.0 (Windows NT 10.0; Win64; x64) AppleWebKit/537.36 (KHTML, like Gecko) Chrome/132.0.6834.194 Electron/34.1.1 Safari/537.36"}
{"ip":"::1","level":"info","message":"GET /api/records?query=","timestamp":"2025-02-19T05:37:16.874Z","userAgent":"Mozilla/5.0 (Windows NT 10.0; Win64; x64) AppleWebKit/537.36 (KHTML, like Gecko) Chrome/132.0.6834.194 Electron/34.1.1 Safari/537.36"}
